<templateSet group="JUnit 5">
    <template name="SimpleTest"
              value="@org.junit.jupiter.api.Test&#10;@org.junit.jupiter.api.DisplayName(&quot;$DISPLAY_NAME$&quot;)&#10;void $METHODNAME$() {&#10;    $END$&#10;}"
              description="Simple Testcase" toReformat="true" toShortenFQNames="true">
        <variable name="DISPLAY_NAME" expression="" defaultValue="" alwaysStopAt="true"/>
        <variable name="METHODNAME" expression="camelCaseMethodName(DISPLAY_NAME)" defaultValue=""
                  alwaysStopAt="true"/>
        <context>
            <option name="JUNIT5" value="true"/>
        </context>
    </template>
    <template name="NestedTest"
              value="@org.junit.jupiter.api.Nested&#10;@org.junit.jupiter.api.DisplayName(&quot;$DISPLAY_NAME$&quot;)&#10;class $CLASS$Test {&#10;    $END$&#10;}"
              description="Nested Testcase" toReformat="true" toShortenFQNames="true">
        <variable name="DISPLAY_NAME" expression="" defaultValue="" alwaysStopAt="true"/>
        <variable name="CLASS" expression="capitalize(camelCaseMethodName(DISPLAY_NAME))" defaultValue=""
                  alwaysStopAt="true"/>
        <context>
            <option name="JUNIT5" value="true"/>
        </context>
    </template>
    <template name="ParameterizedTest"
              value="@org.junit.jupiter.ParameterizedTest(name = &quot;{index} ==> {arguments}&quot;)&#10;@org.junit.jupiter.api.DisplayName(&quot;$DISPLAY_NAME$&quot;)&#10;@org.junit.jupiter.params.$SOURCE$&#10;void $METHODNAME$() {&#10;    $END$&#10;}"
              description="Parameterized Testcase" toReformat="true" toShortenFQNames="true">
        <variable name="DISPLAY_NAME" expression="" defaultValue="" alwaysStopAt="true"/>
        <variable name="SOURCE"
                  expression="enum(&quot;ValueSource&quot;, &quot;EnumSource&quot;,&quot;MethodSource&quot;,&quot;CsvSource&quot;,&quot;ArgumentsSource&quot;)"
                  defaultValue="" alwaysStopAt="true"/>
        <variable name="METHODNAME" expression="camelCaseMethodName(DISPLAY_NAME)" defaultValue=""
                  alwaysStopAt="true"/>
        <context>
            <option name="JUNIT5" value="true"/>
        </context>
    </template>
</templateSet>